<?xml version="1.0" encoding="UTF-8"?>
<!-- Generated by org.testng.reporters.JUnitReportReporter -->
<testsuite hostname="ITEM-S74724" failures="0" tests="2" name="maven.MavenJava.AppiumTest" time="0.009" errors="0" timestamp="2020-12-03T16:06:26 CET" skipped="0">
  <testcase classname="maven.MavenJava.AppiumTest" name="nativeAppAndroid" time="0.007"/>
  <system-out/>
  <testcase classname="maven.MavenJava.AppiumTest" name="nativeAppIOS" time="0.002"/>
  <system-out/>
</testsuite> <!-- maven.MavenJava.AppiumTest -->
